c:\users\gsubi\documents\cembcpp\gamesprojects\bicycledriver\x64\release\bicycledriver.obj
c:\users\gsubi\documents\cembcpp\gamesprojects\bicycledriver\x64\release\menu.obj
c:\users\gsubi\documents\cembcpp\gamesprojects\bicycledriver\x64\release\surface.obj
c:\users\gsubi\documents\cembcpp\gamesprojects\bicycledriver\x64\release\process.obj
c:\users\gsubi\documents\cembcpp\gamesprojects\bicycledriver\x64\release\collision.obj
c:\users\gsubi\documents\cembcpp\gamesprojects\bicycledriver\x64\release\init.obj
c:\users\gsubi\documents\cembcpp\gamesprojects\bicycledriver\x64\release\dbconnection.obj
c:\users\gsubi\documents\cembcpp\gamesprojects\bicycledriver\x64\release\coordinates.obj
c:\users\gsubi\documents\cembcpp\gamesprojects\bicycledriver\x64\release\bicycledriver.pdb
c:\users\gsubi\documents\cembcpp\gamesprojects\bicycledriver\x64\release\bicycledriver.exe
c:\users\gsubi\documents\cembcpp\gamesprojects\bicycledriver\x64\release\bicycledriver.tlog\clang-cl.10248.delete.1.tlog
c:\users\gsubi\documents\cembcpp\gamesprojects\bicycledriver\x64\release\bicycledriver.tlog\clang-cl.11480.delete.1.tlog
c:\users\gsubi\documents\cembcpp\gamesprojects\bicycledriver\x64\release\bicycledriver.tlog\clang-cl.11624.delete.1.tlog
c:\users\gsubi\documents\cembcpp\gamesprojects\bicycledriver\x64\release\bicycledriver.tlog\clang-cl.11996.delete.1.tlog
c:\users\gsubi\documents\cembcpp\gamesprojects\bicycledriver\x64\release\bicycledriver.tlog\clang-cl.12356.delete.1.tlog
c:\users\gsubi\documents\cembcpp\gamesprojects\bicycledriver\x64\release\bicycledriver.tlog\clang-cl.13364.delete.1.tlog
c:\users\gsubi\documents\cembcpp\gamesprojects\bicycledriver\x64\release\bicycledriver.tlog\clang-cl.13372.delete.1.tlog
c:\users\gsubi\documents\cembcpp\gamesprojects\bicycledriver\x64\release\bicycledriver.tlog\clang-cl.13764.delete.1.tlog
c:\users\gsubi\documents\cembcpp\gamesprojects\bicycledriver\x64\release\bicycledriver.tlog\clang-cl.13856.delete.1.tlog
c:\users\gsubi\documents\cembcpp\gamesprojects\bicycledriver\x64\release\bicycledriver.tlog\clang-cl.14348.delete.1.tlog
c:\users\gsubi\documents\cembcpp\gamesprojects\bicycledriver\x64\release\bicycledriver.tlog\clang-cl.14804.delete.1.tlog
c:\users\gsubi\documents\cembcpp\gamesprojects\bicycledriver\x64\release\bicycledriver.tlog\clang-cl.15036.delete.1.tlog
c:\users\gsubi\documents\cembcpp\gamesprojects\bicycledriver\x64\release\bicycledriver.tlog\clang-cl.15092.delete.1.tlog
c:\users\gsubi\documents\cembcpp\gamesprojects\bicycledriver\x64\release\bicycledriver.tlog\clang-cl.15440.delete.1.tlog
c:\users\gsubi\documents\cembcpp\gamesprojects\bicycledriver\x64\release\bicycledriver.tlog\clang-cl.15540.delete.1.tlog
c:\users\gsubi\documents\cembcpp\gamesprojects\bicycledriver\x64\release\bicycledriver.tlog\clang-cl.16076.delete.1.tlog
c:\users\gsubi\documents\cembcpp\gamesprojects\bicycledriver\x64\release\bicycledriver.tlog\clang-cl.16088.delete.1.tlog
c:\users\gsubi\documents\cembcpp\gamesprojects\bicycledriver\x64\release\bicycledriver.tlog\clang-cl.16096.delete.1.tlog
c:\users\gsubi\documents\cembcpp\gamesprojects\bicycledriver\x64\release\bicycledriver.tlog\clang-cl.16232.delete.1.tlog
c:\users\gsubi\documents\cembcpp\gamesprojects\bicycledriver\x64\release\bicycledriver.tlog\clang-cl.16244.delete.1.tlog
c:\users\gsubi\documents\cembcpp\gamesprojects\bicycledriver\x64\release\bicycledriver.tlog\clang-cl.16336.delete.1.tlog
c:\users\gsubi\documents\cembcpp\gamesprojects\bicycledriver\x64\release\bicycledriver.tlog\clang-cl.3028.delete.1.tlog
c:\users\gsubi\documents\cembcpp\gamesprojects\bicycledriver\x64\release\bicycledriver.tlog\clang-cl.3448.delete.1.tlog
c:\users\gsubi\documents\cembcpp\gamesprojects\bicycledriver\x64\release\bicycledriver.tlog\clang-cl.3784.delete.1.tlog
c:\users\gsubi\documents\cembcpp\gamesprojects\bicycledriver\x64\release\bicycledriver.tlog\clang-cl.3900.delete.1.tlog
c:\users\gsubi\documents\cembcpp\gamesprojects\bicycledriver\x64\release\bicycledriver.tlog\clang-cl.3984.delete.1.tlog
c:\users\gsubi\documents\cembcpp\gamesprojects\bicycledriver\x64\release\bicycledriver.tlog\clang-cl.4364.delete.1.tlog
c:\users\gsubi\documents\cembcpp\gamesprojects\bicycledriver\x64\release\bicycledriver.tlog\clang-cl.4656.delete.1.tlog
c:\users\gsubi\documents\cembcpp\gamesprojects\bicycledriver\x64\release\bicycledriver.tlog\clang-cl.4836.delete.1.tlog
c:\users\gsubi\documents\cembcpp\gamesprojects\bicycledriver\x64\release\bicycledriver.tlog\clang-cl.6532.delete.1.tlog
c:\users\gsubi\documents\cembcpp\gamesprojects\bicycledriver\x64\release\bicycledriver.tlog\clang-cl.6884.delete.1.tlog
c:\users\gsubi\documents\cembcpp\gamesprojects\bicycledriver\x64\release\bicycledriver.tlog\clang-cl.7180.delete.1.tlog
c:\users\gsubi\documents\cembcpp\gamesprojects\bicycledriver\x64\release\bicycledriver.tlog\clang-cl.7296.delete.1.tlog
c:\users\gsubi\documents\cembcpp\gamesprojects\bicycledriver\x64\release\bicycledriver.tlog\clang-cl.7304.delete.1.tlog
c:\users\gsubi\documents\cembcpp\gamesprojects\bicycledriver\x64\release\bicycledriver.tlog\clang-cl.7624.delete.1.tlog
c:\users\gsubi\documents\cembcpp\gamesprojects\bicycledriver\x64\release\bicycledriver.tlog\clang-cl.8468.delete.1.tlog
c:\users\gsubi\documents\cembcpp\gamesprojects\bicycledriver\x64\release\bicycledriver.tlog\clang-cl.8576.delete.1.tlog
c:\users\gsubi\documents\cembcpp\gamesprojects\bicycledriver\x64\release\bicycledriver.tlog\clang-cl.9204.delete.1.tlog
c:\users\gsubi\documents\cembcpp\gamesprojects\bicycledriver\x64\release\bicycledriver.tlog\clang-cl.9508.delete.1.tlog
c:\users\gsubi\documents\cembcpp\gamesprojects\bicycledriver\x64\release\bicycledriver.tlog\clang-cl.9512.delete.1.tlog
c:\users\gsubi\documents\cembcpp\gamesprojects\bicycledriver\x64\release\bicycledriver.tlog\clang-cl.9548.delete.1.tlog
c:\users\gsubi\documents\cembcpp\gamesprojects\bicycledriver\x64\release\bicycledriver.tlog\clang-cl.9636.delete.1.tlog
c:\users\gsubi\documents\cembcpp\gamesprojects\bicycledriver\x64\release\bicycledriver.tlog\clang-cl.980.delete.1.tlog
c:\users\gsubi\documents\cembcpp\gamesprojects\bicycledriver\x64\release\bicycledriver.tlog\clang-cl.command.1.tlog
c:\users\gsubi\documents\cembcpp\gamesprojects\bicycledriver\x64\release\bicycledriver.tlog\clang-cl.delete.1.tlog
c:\users\gsubi\documents\cembcpp\gamesprojects\bicycledriver\x64\release\bicycledriver.tlog\clang-cl.read.1.tlog
c:\users\gsubi\documents\cembcpp\gamesprojects\bicycledriver\x64\release\bicycledriver.tlog\clang-cl.write.1.tlog
c:\users\gsubi\documents\cembcpp\gamesprojects\bicycledriver\x64\release\bicycledriver.tlog\lld-link.command.1.tlog
c:\users\gsubi\documents\cembcpp\gamesprojects\bicycledriver\x64\release\bicycledriver.tlog\lld-link.delete.1.tlog
c:\users\gsubi\documents\cembcpp\gamesprojects\bicycledriver\x64\release\bicycledriver.tlog\lld-link.read.1.tlog
c:\users\gsubi\documents\cembcpp\gamesprojects\bicycledriver\x64\release\bicycledriver.tlog\lld-link.write.1.tlog
