  BicycleDriver.cpp
  collision.cpp
  coordinates.cpp
  init.cpp
  menu.cpp
  process.cpp
  surface.cpp
  Generating Code...
LINK : warning LNK4075: ignoring '/INCREMENTAL' due to '/FORCE' specification
init.obj : warning LNK4006: "struct SDL_Window * screen" (?screen@@3PEAUSDL_Window@@EA) already defined in collision.obj; second definition ignored
init.obj : warning LNK4006: "struct SDL_Renderer * renderer" (?renderer@@3PEAUSDL_Renderer@@EA) already defined in collision.obj; second definition ignored
init.obj : warning LNK4006: "struct SDL_Rect * scr_rect" (?scr_rect@@3PEAUSDL_Rect@@EA) already defined in collision.obj; second definition ignored
init.obj : warning LNK4006: "struct SDL_Surface * * back" (?back@@3PAPEAUSDL_Surface@@A) already defined in collision.obj; second definition ignored
init.obj : warning LNK4006: "struct SDL_Surface * upback" (?upback@@3PEAUSDL_Surface@@EA) already defined in collision.obj; second definition ignored
init.obj : warning LNK4006: "struct SDL_Surface * bike" (?bike@@3PEAUSDL_Surface@@EA) already defined in collision.obj; second definition ignored
init.obj : warning LNK4006: "struct SDL_Surface * * obs_wall" (?obs_wall@@3PAPEAUSDL_Surface@@A) already defined in collision.obj; second definition ignored
init.obj : warning LNK4006: "struct SDL_Surface * menu_pic" (?menu_pic@@3PEAUSDL_Surface@@EA) already defined in collision.obj; second definition ignored
init.obj : warning LNK4006: "struct SDL_Surface * play_menu" (?play_menu@@3PEAUSDL_Surface@@EA) already defined in collision.obj; second definition ignored
init.obj : warning LNK4006: "struct SDL_Surface * instruction_menu" (?instruction_menu@@3PEAUSDL_Surface@@EA) already defined in collision.obj; second definition ignored
init.obj : warning LNK4006: "struct SDL_Surface * quit_menu" (?quit_menu@@3PEAUSDL_Surface@@EA) already defined in collision.obj; second definition ignored
init.obj : warning LNK4006: "struct _TTF_Font * font" (?font@@3PEAU_TTF_Font@@EA) already defined in collision.obj; second definition ignored
init.obj : warning LNK4006: "struct SDL_Surface * times" (?times@@3PEAUSDL_Surface@@EA) already defined in collision.obj; second definition ignored
init.obj : warning LNK4006: "struct SDL_Surface * time_limit" (?time_limit@@3PEAUSDL_Surface@@EA) already defined in collision.obj; second definition ignored
init.obj : warning LNK4006: "struct SDL_Surface * die" (?die@@3PEAUSDL_Surface@@EA) already defined in collision.obj; second definition ignored
init.obj : warning LNK4006: "struct SDL_Color textColor" (?textColor@@3USDL_Color@@A) already defined in collision.obj; second definition ignored
init.obj : warning LNK4006: "union SDL_Event event" (?event@@3TSDL_Event@@A) already defined in collision.obj; second definition ignored
init.obj : warning LNK4006: "int start_time" (?start_time@@3HA) already defined in collision.obj; second definition ignored
init.obj : warning LNK4006: "int end_time" (?end_time@@3HA) already defined in collision.obj; second definition ignored
init.obj : warning LNK4006: "int time_gap" (?time_gap@@3HA) already defined in collision.obj; second definition ignored
init.obj : warning LNK4006: "int speed" (?speed@@3HA) already defined in collision.obj; second definition ignored
init.obj : warning LNK4006: "int jump_state" (?jump_state@@3HA) already defined in collision.obj; second definition ignored
init.obj : warning LNK4006: "int max_limit" (?max_limit@@3HA) already defined in collision.obj; second definition ignored
init.obj : warning LNK4006: "int bike_stand" (?bike_stand@@3HA) already defined in collision.obj; second definition ignored
init.obj : warning LNK4006: "int bike_x" (?bike_x@@3HA) already defined in collision.obj; second definition ignored
init.obj : warning LNK4006: "int bike_y" (?bike_y@@3HA) already defined in collision.obj; second definition ignored
init.obj : warning LNK4006: "int game_on" (?game_on@@3HA) already defined in collision.obj; second definition ignored
init.obj : warning LNK4006: "unsigned char const * const keybstate" (?keybstate@@3PEBEEB) already defined in collision.obj; second definition ignored
init.obj : warning LNK4006: "class background * bg" (?bg@@3PAVbackground@@A) already defined in collision.obj; second definition ignored
init.obj : warning LNK4006: "class wall * w1" (?w1@@3PAVwall@@A) already defined in collision.obj; second definition ignored
init.obj : warning LNK4006: "class wall * w2" (?w2@@3PAVwall@@A) already defined in collision.obj; second definition ignored
menu.obj : warning LNK4006: "struct SDL_Window * screen" (?screen@@3PEAUSDL_Window@@EA) already defined in collision.obj; second definition ignored
menu.obj : warning LNK4006: "struct SDL_Renderer * renderer" (?renderer@@3PEAUSDL_Renderer@@EA) already defined in collision.obj; second definition ignored
menu.obj : warning LNK4006: "struct SDL_Rect * scr_rect" (?scr_rect@@3PEAUSDL_Rect@@EA) already defined in collision.obj; second definition ignored
menu.obj : warning LNK4006: "struct SDL_Surface * * back" (?back@@3PAPEAUSDL_Surface@@A) already defined in collision.obj; second definition ignored
menu.obj : warning LNK4006: "struct SDL_Surface * upback" (?upback@@3PEAUSDL_Surface@@EA) already defined in collision.obj; second definition ignored
menu.obj : warning LNK4006: "struct SDL_Surface * bike" (?bike@@3PEAUSDL_Surface@@EA) already defined in collision.obj; second definition ignored
menu.obj : warning LNK4006: "struct SDL_Surface * * obs_wall" (?obs_wall@@3PAPEAUSDL_Surface@@A) already defined in collision.obj; second definition ignored
menu.obj : warning LNK4006: "struct SDL_Surface * menu_pic" (?menu_pic@@3PEAUSDL_Surface@@EA) already defined in collision.obj; second definition ignored
menu.obj : warning LNK4006: "struct SDL_Surface * play_menu" (?play_menu@@3PEAUSDL_Surface@@EA) already defined in collision.obj; second definition ignored
menu.obj : warning LNK4006: "struct SDL_Surface * instruction_menu" (?instruction_menu@@3PEAUSDL_Surface@@EA) already defined in collision.obj; second definition ignored
menu.obj : warning LNK4006: "struct SDL_Surface * quit_menu" (?quit_menu@@3PEAUSDL_Surface@@EA) already defined in collision.obj; second definition ignored
menu.obj : warning LNK4006: "struct _TTF_Font * font" (?font@@3PEAU_TTF_Font@@EA) already defined in collision.obj; second definition ignored
menu.obj : warning LNK4006: "struct SDL_Surface * times" (?times@@3PEAUSDL_Surface@@EA) already defined in collision.obj; second definition ignored
menu.obj : warning LNK4006: "struct SDL_Surface * time_limit" (?time_limit@@3PEAUSDL_Surface@@EA) already defined in collision.obj; second definition ignored
menu.obj : warning LNK4006: "struct SDL_Surface * die" (?die@@3PEAUSDL_Surface@@EA) already defined in collision.obj; second definition ignored
menu.obj : warning LNK4006: "struct SDL_Color textColor" (?textColor@@3USDL_Color@@A) already defined in collision.obj; second definition ignored
menu.obj : warning LNK4006: "union SDL_Event event" (?event@@3TSDL_Event@@A) already defined in collision.obj; second definition ignored
menu.obj : warning LNK4006: "int start_time" (?start_time@@3HA) already defined in collision.obj; second definition ignored
menu.obj : warning LNK4006: "int end_time" (?end_time@@3HA) already defined in collision.obj; second definition ignored
menu.obj : warning LNK4006: "int time_gap" (?time_gap@@3HA) already defined in collision.obj; second definition ignored
menu.obj : warning LNK4006: "int speed" (?speed@@3HA) already defined in collision.obj; second definition ignored
menu.obj : warning LNK4006: "int jump_state" (?jump_state@@3HA) already defined in collision.obj; second definition ignored
menu.obj : warning LNK4006: "int max_limit" (?max_limit@@3HA) already defined in collision.obj; second definition ignored
menu.obj : warning LNK4006: "int bike_stand" (?bike_stand@@3HA) already defined in collision.obj; second definition ignored
menu.obj : warning LNK4006: "int bike_x" (?bike_x@@3HA) already defined in collision.obj; second definition ignored
menu.obj : warning LNK4006: "int bike_y" (?bike_y@@3HA) already defined in collision.obj; second definition ignored
menu.obj : warning LNK4006: "int game_on" (?game_on@@3HA) already defined in collision.obj; second definition ignored
menu.obj : warning LNK4006: "unsigned char const * const keybstate" (?keybstate@@3PEBEEB) already defined in collision.obj; second definition ignored
menu.obj : warning LNK4006: "class background * bg" (?bg@@3PAVbackground@@A) already defined in collision.obj; second definition ignored
menu.obj : warning LNK4006: "class wall * w1" (?w1@@3PAVwall@@A) already defined in collision.obj; second definition ignored
menu.obj : warning LNK4006: "class wall * w2" (?w2@@3PAVwall@@A) already defined in collision.obj; second definition ignored
process.obj : warning LNK4006: "struct SDL_Window * screen" (?screen@@3PEAUSDL_Window@@EA) already defined in collision.obj; second definition ignored
process.obj : warning LNK4006: "struct SDL_Renderer * renderer" (?renderer@@3PEAUSDL_Renderer@@EA) already defined in collision.obj; second definition ignored
process.obj : warning LNK4006: "struct SDL_Rect * scr_rect" (?scr_rect@@3PEAUSDL_Rect@@EA) already defined in collision.obj; second definition ignored
process.obj : warning LNK4006: "struct SDL_Surface * * back" (?back@@3PAPEAUSDL_Surface@@A) already defined in collision.obj; second definition ignored
process.obj : warning LNK4006: "struct SDL_Surface * upback" (?upback@@3PEAUSDL_Surface@@EA) already defined in collision.obj; second definition ignored
process.obj : warning LNK4006: "struct SDL_Surface * bike" (?bike@@3PEAUSDL_Surface@@EA) already defined in collision.obj; second definition ignored
process.obj : warning LNK4006: "struct SDL_Surface * * obs_wall" (?obs_wall@@3PAPEAUSDL_Surface@@A) already defined in collision.obj; second definition ignored
process.obj : warning LNK4006: "struct SDL_Surface * menu_pic" (?menu_pic@@3PEAUSDL_Surface@@EA) already defined in collision.obj; second definition ignored
process.obj : warning LNK4006: "struct SDL_Surface * play_menu" (?play_menu@@3PEAUSDL_Surface@@EA) already defined in collision.obj; second definition ignored
process.obj : warning LNK4006: "struct SDL_Surface * instruction_menu" (?instruction_menu@@3PEAUSDL_Surface@@EA) already defined in collision.obj; second definition ignored
process.obj : warning LNK4006: "struct SDL_Surface * quit_menu" (?quit_menu@@3PEAUSDL_Surface@@EA) already defined in collision.obj; second definition ignored
process.obj : warning LNK4006: "struct _TTF_Font * font" (?font@@3PEAU_TTF_Font@@EA) already defined in collision.obj; second definition ignored
process.obj : warning LNK4006: "struct SDL_Surface * times" (?times@@3PEAUSDL_Surface@@EA) already defined in collision.obj; second definition ignored
process.obj : warning LNK4006: "struct SDL_Surface * time_limit" (?time_limit@@3PEAUSDL_Surface@@EA) already defined in collision.obj; second definition ignored
process.obj : warning LNK4006: "struct SDL_Surface * die" (?die@@3PEAUSDL_Surface@@EA) already defined in collision.obj; second definition ignored
process.obj : warning LNK4006: "struct SDL_Color textColor" (?textColor@@3USDL_Color@@A) already defined in collision.obj; second definition ignored
process.obj : warning LNK4006: "union SDL_Event event" (?event@@3TSDL_Event@@A) already defined in collision.obj; second definition ignored
process.obj : warning LNK4006: "int start_time" (?start_time@@3HA) already defined in collision.obj; second definition ignored
process.obj : warning LNK4006: "int end_time" (?end_time@@3HA) already defined in collision.obj; second definition ignored
process.obj : warning LNK4006: "int time_gap" (?time_gap@@3HA) already defined in collision.obj; second definition ignored
process.obj : warning LNK4006: "int speed" (?speed@@3HA) already defined in collision.obj; second definition ignored
process.obj : warning LNK4006: "int jump_state" (?jump_state@@3HA) already defined in collision.obj; second definition ignored
process.obj : warning LNK4006: "int max_limit" (?max_limit@@3HA) already defined in collision.obj; second definition ignored
process.obj : warning LNK4006: "int bike_stand" (?bike_stand@@3HA) already defined in collision.obj; second definition ignored
process.obj : warning LNK4006: "int bike_x" (?bike_x@@3HA) already defined in collision.obj; second definition ignored
process.obj : warning LNK4006: "int bike_y" (?bike_y@@3HA) already defined in collision.obj; second definition ignored
process.obj : warning LNK4006: "int game_on" (?game_on@@3HA) already defined in collision.obj; second definition ignored
process.obj : warning LNK4006: "unsigned char const * const keybstate" (?keybstate@@3PEBEEB) already defined in collision.obj; second definition ignored
process.obj : warning LNK4006: "class background * bg" (?bg@@3PAVbackground@@A) already defined in collision.obj; second definition ignored
process.obj : warning LNK4006: "class wall * w1" (?w1@@3PAVwall@@A) already defined in collision.obj; second definition ignored
process.obj : warning LNK4006: "class wall * w2" (?w2@@3PAVwall@@A) already defined in collision.obj; second definition ignored
surface.obj : warning LNK4006: "struct SDL_Window * screen" (?screen@@3PEAUSDL_Window@@EA) already defined in collision.obj; second definition ignored
surface.obj : warning LNK4006: "struct SDL_Renderer * renderer" (?renderer@@3PEAUSDL_Renderer@@EA) already defined in collision.obj; second definition ignored
surface.obj : warning LNK4006: "struct SDL_Rect * scr_rect" (?scr_rect@@3PEAUSDL_Rect@@EA) already defined in collision.obj; second definition ignored
surface.obj : warning LNK4006: "struct SDL_Surface * * back" (?back@@3PAPEAUSDL_Surface@@A) already defined in collision.obj; second definition ignored
surface.obj : warning LNK4006: "struct SDL_Surface * upback" (?upback@@3PEAUSDL_Surface@@EA) already defined in collision.obj; second definition ignored
surface.obj : warning LNK4006: "struct SDL_Surface * bike" (?bike@@3PEAUSDL_Surface@@EA) already defined in collision.obj; second definition ignored
surface.obj : warning LNK4006: "struct SDL_Surface * * obs_wall" (?obs_wall@@3PAPEAUSDL_Surface@@A) already defined in collision.obj; second definition ignored
surface.obj : warning LNK4006: "struct SDL_Surface * menu_pic" (?menu_pic@@3PEAUSDL_Surface@@EA) already defined in collision.obj; second definition ignored
surface.obj : warning LNK4006: "struct SDL_Surface * play_menu" (?play_menu@@3PEAUSDL_Surface@@EA) already defined in collision.obj; second definition ignored
surface.obj : warning LNK4006: "struct SDL_Surface * instruction_menu" (?instruction_menu@@3PEAUSDL_Surface@@EA) already defined in collision.obj; second definition ignored
surface.obj : warning LNK4006: "struct SDL_Surface * quit_menu" (?quit_menu@@3PEAUSDL_Surface@@EA) already defined in collision.obj; second definition ignored
surface.obj : warning LNK4006: "struct _TTF_Font * font" (?font@@3PEAU_TTF_Font@@EA) already defined in collision.obj; second definition ignored
surface.obj : warning LNK4006: "struct SDL_Surface * times" (?times@@3PEAUSDL_Surface@@EA) already defined in collision.obj; second definition ignored
surface.obj : warning LNK4006: "struct SDL_Surface * time_limit" (?time_limit@@3PEAUSDL_Surface@@EA) already defined in collision.obj; second definition ignored
surface.obj : warning LNK4006: "struct SDL_Surface * die" (?die@@3PEAUSDL_Surface@@EA) already defined in collision.obj; second definition ignored
surface.obj : warning LNK4006: "struct SDL_Color textColor" (?textColor@@3USDL_Color@@A) already defined in collision.obj; second definition ignored
surface.obj : warning LNK4006: "union SDL_Event event" (?event@@3TSDL_Event@@A) already defined in collision.obj; second definition ignored
surface.obj : warning LNK4006: "int start_time" (?start_time@@3HA) already defined in collision.obj; second definition ignored
surface.obj : warning LNK4006: "int end_time" (?end_time@@3HA) already defined in collision.obj; second definition ignored
surface.obj : warning LNK4006: "int time_gap" (?time_gap@@3HA) already defined in collision.obj; second definition ignored
surface.obj : warning LNK4006: "int speed" (?speed@@3HA) already defined in collision.obj; second definition ignored
surface.obj : warning LNK4006: "int jump_state" (?jump_state@@3HA) already defined in collision.obj; second definition ignored
surface.obj : warning LNK4006: "int max_limit" (?max_limit@@3HA) already defined in collision.obj; second definition ignored
surface.obj : warning LNK4006: "int bike_stand" (?bike_stand@@3HA) already defined in collision.obj; second definition ignored
surface.obj : warning LNK4006: "int bike_x" (?bike_x@@3HA) already defined in collision.obj; second definition ignored
surface.obj : warning LNK4006: "int bike_y" (?bike_y@@3HA) already defined in collision.obj; second definition ignored
surface.obj : warning LNK4006: "int game_on" (?game_on@@3HA) already defined in collision.obj; second definition ignored
surface.obj : warning LNK4006: "unsigned char const * const keybstate" (?keybstate@@3PEBEEB) already defined in collision.obj; second definition ignored
surface.obj : warning LNK4006: "class background * bg" (?bg@@3PAVbackground@@A) already defined in collision.obj; second definition ignored
surface.obj : warning LNK4006: "class wall * w1" (?w1@@3PAVwall@@A) already defined in collision.obj; second definition ignored
surface.obj : warning LNK4006: "class wall * w2" (?w2@@3PAVwall@@A) already defined in collision.obj; second definition ignored
C:\Users\gsubi\Documents\CembCpp\GamesProjects\BicycleDriver\x64\Debug\BicycleDriver.exe : warning LNK4088: image being generated due to /FORCE option; image may not run
  BicycleDriver.vcxproj -> C:\Users\gsubi\Documents\CembCpp\GamesProjects\BicycleDriver\x64\Debug\BicycleDriver.exe
