c:\users\gsubi\documents\cembcpp\gamesprojects\bicycledriver\x64\debug\menu.obj
c:\users\gsubi\documents\cembcpp\gamesprojects\bicycledriver\x64\debug\process.obj
c:\users\gsubi\documents\cembcpp\gamesprojects\bicycledriver\x64\debug\init.obj
c:\users\gsubi\documents\cembcpp\gamesprojects\bicycledriver\x64\debug\coordinates.obj
c:\users\gsubi\documents\cembcpp\gamesprojects\bicycledriver\x64\debug\collision.obj
c:\users\gsubi\documents\cembcpp\gamesprojects\bicycledriver\x64\debug\bicycledriver.obj
c:\users\gsubi\documents\cembcpp\gamesprojects\bicycledriver\x64\debug\surface.obj
c:\users\gsubi\documents\cembcpp\gamesprojects\bicycledriver\x64\debug\bicycledriver.pdb
c:\users\gsubi\documents\cembcpp\gamesprojects\bicycledriver\x64\debug\bicycledriver.exe
c:\users\gsubi\documents\cembcpp\gamesprojects\bicycledriver\x64\debug\bicycledriver.tlog\clang-cl.13412.delete.1.tlog
c:\users\gsubi\documents\cembcpp\gamesprojects\bicycledriver\x64\debug\bicycledriver.tlog\clang-cl.13412.write.1.tlog
c:\users\gsubi\documents\cembcpp\gamesprojects\bicycledriver\x64\debug\bicycledriver.tlog\clang-cl.17160.delete.1.tlog
c:\users\gsubi\documents\cembcpp\gamesprojects\bicycledriver\x64\debug\bicycledriver.tlog\clang-cl.17508.delete.1.tlog
c:\users\gsubi\documents\cembcpp\gamesprojects\bicycledriver\x64\debug\bicycledriver.tlog\clang-cl.17928.delete.1.tlog
c:\users\gsubi\documents\cembcpp\gamesprojects\bicycledriver\x64\debug\bicycledriver.tlog\clang-cl.3124.delete.1.tlog
c:\users\gsubi\documents\cembcpp\gamesprojects\bicycledriver\x64\debug\bicycledriver.tlog\clang-cl.6568.delete.1.tlog
c:\users\gsubi\documents\cembcpp\gamesprojects\bicycledriver\x64\debug\bicycledriver.tlog\clang-cl.9000.delete.1.tlog
c:\users\gsubi\documents\cembcpp\gamesprojects\bicycledriver\x64\debug\bicycledriver.tlog\clang-cl.command.1.tlog
c:\users\gsubi\documents\cembcpp\gamesprojects\bicycledriver\x64\debug\bicycledriver.tlog\clang-cl.read.1.tlog
c:\users\gsubi\documents\cembcpp\gamesprojects\bicycledriver\x64\debug\bicycledriver.tlog\lld-link.command.1.tlog
c:\users\gsubi\documents\cembcpp\gamesprojects\bicycledriver\x64\debug\bicycledriver.tlog\lld-link.delete.1.tlog
c:\users\gsubi\documents\cembcpp\gamesprojects\bicycledriver\x64\debug\bicycledriver.tlog\lld-link.read.1.tlog
c:\users\gsubi\documents\cembcpp\gamesprojects\bicycledriver\x64\debug\bicycledriver.tlog\lld-link.write.1.tlog
